Using pre-set license
Built from '2022.3/china_unity/release' branch; Version is '2022.3.28f1c1 (b26545a12b3f) revision 11691333'; Using compiler version '192829333'; Build Type 'Release'
OS: 'Windows 11  (10.0.22631) 64bit CoreCountrySpecific' Language: 'zh' Physical Memory: 16010 MB
BatchMode: 1, IsHumanControllingUs: 0, StartBugReporterOnCrash: 0, Is64bit: 1, IsPro: 1

COMMAND LINE ARGUMENTS:
E:\Unity\2022.3.28f1c1\Editor\Unity.exe
-adb2
-batchMode
-noUpm
-name
AssetImportWorker0
-projectPath
E:/Unity/é¡¹ç›®/LegendOfWarrior
-logFile
Logs/AssetImportWorker0.log
-srvPort
59802
Successfully changed project path to: E:/Unity/é¡¹ç›®/LegendOfWarrior
E:/Unity/é¡¹ç›®/LegendOfWarrior
[UnityMemory] Configuration Parameters - Can be set up in boot.config
    "memorysetup-bucket-allocator-granularity=16"
    "memorysetup-bucket-allocator-bucket-count=8"
    "memorysetup-bucket-allocator-block-size=33554432"
    "memorysetup-bucket-allocator-block-count=8"
    "memorysetup-main-allocator-block-size=16777216"
    "memorysetup-thread-allocator-block-size=16777216"
    "memorysetup-gfx-main-allocator-block-size=16777216"
    "memorysetup-gfx-thread-allocator-block-size=16777216"
    "memorysetup-cache-allocator-block-size=4194304"
    "memorysetup-typetree-allocator-block-size=2097152"
    "memorysetup-profiler-bucket-allocator-granularity=16"
    "memorysetup-profiler-bucket-allocator-bucket-count=8"
    "memorysetup-profiler-bucket-allocator-block-size=33554432"
    "memorysetup-profiler-bucket-allocator-block-count=8"
    "memorysetup-profiler-allocator-block-size=16777216"
    "memorysetup-profiler-editor-allocator-block-size=1048576"
    "memorysetup-temp-allocator-size-main=16777216"
    "memorysetup-job-temp-allocator-block-size=2097152"
    "memorysetup-job-temp-allocator-block-size-background=1048576"
    "memorysetup-job-temp-allocator-reduction-small-platforms=262144"
    "memorysetup-allocator-temp-initial-block-size-main=262144"
    "memorysetup-allocator-temp-initial-block-size-worker=262144"
    "memorysetup-temp-allocator-size-background-worker=32768"
    "memorysetup-temp-allocator-size-job-worker=262144"
    "memorysetup-temp-allocator-size-preload-manager=33554432"
    "memorysetup-temp-allocator-size-nav-mesh-worker=65536"
    "memorysetup-temp-allocator-size-audio-worker=65536"
    "memorysetup-temp-allocator-size-cloud-worker=32768"
    "memorysetup-temp-allocator-size-gi-baking-worker=262144"
    "memorysetup-temp-allocator-size-gfx=262144"
Player connection [6876] Host "[IP] 10.16.205.12 [Port] 0 [Flags] 2 [Guid] 588128391 [EditorId] 588128391 [Version] 1048832 [Id] WindowsEditor(7,ÔÆÖ®êØ) [Debug] 1 [PackageName] WindowsEditor [ProjectName] Editor" joined multi-casting on [225.0.0.222:54997]...

Player connection [6876] Host "[IP] 10.16.205.12 [Port] 0 [Flags] 2 [Guid] 588128391 [EditorId] 588128391 [Version] 1048832 [Id] WindowsEditor(7,ÔÆÖ®êØ) [Debug] 1 [PackageName] WindowsEditor [ProjectName] Editor" joined alternative multi-casting on [225.0.0.222:34997]...

[Physics::Module] Initialized MultithreadedJobDispatcher with 19 workers.
Refreshing native plugins compatible for Editor in 43.20 ms, found 4 plugins.
Preloading 0 native plugins for Editor in 0.00 ms.
Initialize engine version: 2022.3.28f1c1 (b26545a12b3f)
[Subsystems] Discovering subsystems at path E:/Unity/2022.3.28f1c1/Editor/Data/Resources/UnitySubsystems
[Subsystems] Discovering subsystems at path E:/Unity/é¡¹ç›®/LegendOfWarrior/Assets
GfxDevice: creating device client; threaded=0; jobified=0
Direct3D:
    Version:  Direct3D 11.0 [level 11.1]
    Renderer: NVIDIA GeForce RTX 4060 Laptop GPU (ID=0x28e0)
    Vendor:   NVIDIA
    VRAM:     7957 MB
    Driver:   31.0.15.5222
Initialize mono
Mono path[0] = 'E:/Unity/2022.3.28f1c1/Editor/Data/Managed'
Mono path[1] = 'E:/Unity/2022.3.28f1c1/Editor/Data/MonoBleedingEdge/lib/mono/unityjit-win32'
Mono config path = 'E:/Unity/2022.3.28f1c1/Editor/Data/MonoBleedingEdge/etc'
Using monoOptions --debugger-agent=transport=dt_socket,embedding=1,server=y,suspend=n,address=127.0.0.1:56844
Begin MonoManager ReloadAssembly
Registering precompiled unity dll's ...
Register platform support module: E:/Unity/2022.3.28f1c1/Editor/Data/PlaybackEngines/WebGLSupport/UnityEditor.WebGL.Extensions.dll
Register platform support module: E:/Unity/2022.3.28f1c1/Editor/Data/PlaybackEngines/WindowsStandaloneSupport/UnityEditor.WindowsStandalone.Extensions.dll
Registered in 0.023689 seconds.
- Loaded All Assemblies, in  0.908 seconds
Native extension for WindowsStandalone target not found
Native extension for WebGL target not found
Mono: successfully reloaded assembly
- Finished resetting the current domain, in  0.590 seconds
Domain Reload Profiling: 1488ms
	BeginReloadAssembly (314ms)
		ExecutionOrderSort (0ms)
		DisableScriptedObjects (0ms)
		BackupInstance (0ms)
		ReleaseScriptingObjects (0ms)
		CreateAndSetChildDomain (1ms)
	RebuildCommonClasses (103ms)
	RebuildNativeTypeToScriptingClass (31ms)
	initialDomainReloadingComplete (149ms)
	LoadAllAssembliesAndSetupDomain (300ms)
		LoadAssemblies (304ms)
		RebuildTransferFunctionScriptingTraits (0ms)
		AnalyzeDomain (296ms)
			TypeCache.Refresh (293ms)
				TypeCache.ScanAssembly (268ms)
			ScanForSourceGeneratedMonoScriptInfo (1ms)
			ResolveRequiredComponents (1ms)
	FinalizeReload (591ms)
		ReleaseScriptCaches (0ms)
		RebuildScriptCaches (0ms)
		SetupLoadedEditorAssemblies (478ms)
			LogAssemblyErrors (0ms)
			InitializePlatformSupportModulesInManaged (17ms)
			SetLoadedEditorAssemblies (15ms)
			RefreshPlugins (0ms)
			BeforeProcessingInitializeOnLoad (7ms)
			ProcessInitializeOnLoadAttributes (365ms)
			ProcessInitializeOnLoadMethodAttributes (73ms)
			AfterProcessingInitializeOnLoad (0ms)
			EditorAssembliesLoaded (0ms)
		ExecutionOrderSort2 (0ms)
		AwakeInstancesAfterBackupRestoration (0ms)
========================================================================
Worker process is ready to serve import requests
Begin MonoManager ReloadAssembly
- Loaded All Assemblies, in  1.888 seconds
Refreshing native plugins compatible for Editor in 26.00 ms, found 4 plugins.
Native extension for WindowsStandalone target not found
Native extension for WebGL target not found
Package Manager log level set to [2]
[Package Manager] Server::EnsureServerProcessIsRunning -- launch failed, reason: Unity was launched with the -noUpm command-line argument
[Package Manager] UpmClient::Send -- Unable to send message (not connected to UPM process).
[Package Manager] Cannot connect to Unity Package Manager local server
Mono: successfully reloaded assembly
- Finished resetting the current domain, in  2.207 seconds
Domain Reload Profiling: 4076ms
	BeginReloadAssembly (362ms)
		ExecutionOrderSort (0ms)
		DisableScriptedObjects (13ms)
		BackupInstance (0ms)
		ReleaseScriptingObjects (0ms)
		CreateAndSetChildDomain (42ms)
	RebuildCommonClasses (83ms)
	RebuildNativeTypeToScriptingClass (28ms)
	initialDomainReloadingComplete (84ms)
	LoadAllAssembliesAndSetupDomain (1311ms)
		LoadAssemblies (935ms)
		RebuildTransferFunctionScriptingTraits (0ms)
		AnalyzeDomain (581ms)
			TypeCache.Refresh (482ms)
				TypeCache.ScanAssembly (445ms)
			ScanForSourceGeneratedMonoScriptInfo (67ms)
			ResolveRequiredComponents (29ms)
	FinalizeReload (2208ms)
		ReleaseScriptCaches (0ms)
		RebuildScriptCaches (0ms)
		SetupLoadedEditorAssemblies (1778ms)
			LogAssemblyErrors (0ms)
			InitializePlatformSupportModulesInManaged (13ms)
			SetLoadedEditorAssemblies (10ms)
			RefreshPlugins (0ms)
			BeforeProcessingInitializeOnLoad (204ms)
			ProcessInitializeOnLoadAttributes (1317ms)
			ProcessInitializeOnLoadMethodAttributes (212ms)
			AfterProcessingInitializeOnLoad (21ms)
			EditorAssembliesLoaded (1ms)
		ExecutionOrderSort2 (0ms)
		AwakeInstancesAfterBackupRestoration (25ms)
Launched and connected shader compiler UnityShaderCompiler.exe after 0.09 seconds
Refreshing native plugins compatible for Editor in 19.11 ms, found 4 plugins.
Preloading 0 native plugins for Editor in 0.00 ms.
Unloading 6903 Unused Serialized files (Serialized files now loaded: 0)
Unloading 123 unused Assets / (1.0 MB). Loaded Objects now: 7354.
Memory consumption went from 267.0 MB to 266.1 MB.
Total: 8.186600 ms (FindLiveObjects: 0.651300 ms CreateObjectMapping: 0.279300 ms MarkObjects: 6.515000 ms  DeleteObjects: 0.739200 ms)

AssetImportParameters requested are different than current active one (requested -> active):
  custom:container-demuxer-ogg: 62fdf1f143b41e24485cea50d1cbac27 -> 
  custom:framework-win-MediaFoundation: 216162199b28c13a410421893ffa2e32 -> 
  custom:container-muxer-webm: aa71ff27fc2769a1b78a27578f13a17b -> 
  custom:video-decoder-webm-vp8: 9c59270c3fd7afecdb556c50c9e8de78 -> 
  custom:SearchIndexIgnoredProperties: e643bd26f0fe6173181afceb89e7c659 -> 
  custom:AudioImporter_EditorPlatform: d09bf68614088b80899f8185d706f6e7 -> 
  custom:audio-decoder-ogg-vorbis: bf7c407c2cedff20999df2af8eb42d56 -> 
  custom:audio-encoder-webm-vorbis: bf7c407c2cedff20999df2af8eb42d56 -> 
  custom:video-codec-MediaFoundation-h265: 746d11721c4dcdbdad8f713fa42b33f4 -> 
  custom:video-decoder-ogg-theora: a1e56fd34408186e4bbccfd4996cb3dc -> 
  custom:CustomObjectIndexerAttribute: 72b91833f83ae208fae7752999fa3104 -> 
  custom:container-demuxer-webm: 4f35f7cbe854078d1ac9338744f61a02 -> 
  custom:video-encoder-webm-vp8: eb34c28f22e8b96e1ab97ce403110664 -> 
========================================================================
Received Import Request.
  Time since last request: 768967.618400 seconds.
  path: Assets/Settings/Scenes/URP2DSceneTemplate.unity
  artifactKey: Guid(2cda990e2423bbf4892e6590ba056729) Importer(815301076,1909f56bfc062723c751e8b465ee728b)
Start importing Assets/Settings/Scenes/URP2DSceneTemplate.unity using Guid(2cda990e2423bbf4892e6590ba056729) Importer(815301076,1909f56bfc062723c751e8b465ee728b)  -> (artifact id: 'edbc261601110aca1b132db405bbef33') in 0.015610 seconds
Number of updated asset objects reloaded before import = 0
Number of asset objects unloaded after import = 0
========================================================================
Received Import Request.
  Time since last request: 0.000077 seconds.
  path: Assets/Settings/PhysicsMaterials
  artifactKey: Guid(6f255f622d75034469378c4c67395dcf) Importer(815301076,1909f56bfc062723c751e8b465ee728b)
Start importing Assets/Settings/PhysicsMaterials using Guid(6f255f622d75034469378c4c67395dcf) Importer(815301076,1909f56bfc062723c751e8b465ee728b)  -> (artifact id: '5388bea64e13935883581dc5de584049') in 0.012862 seconds
Number of updated asset objects reloaded before import = 0
Number of asset objects unloaded after import = 0
========================================================================
Received Import Request.
  Time since last request: 26.239241 seconds.
  path: Assets/Art Assets/Legacy-Fantasy-High Forest/Enemies/Snail/all.png
  artifactKey: Guid(52f7d14eab60b534a8661ba9ad0f7cde) Importer(815301076,1909f56bfc062723c751e8b465ee728b)
Start importing Assets/Art Assets/Legacy-Fantasy-High Forest/Enemies/Snail/all.png using Guid(52f7d14eab60b534a8661ba9ad0f7cde) Importer(815301076,1909f56bfc062723c751e8b465ee728b)  -> (artifact id: '3da05c5f5f2225bd3d22c0e576fc6c78') in 1.020824 seconds
Number of updated asset objects reloaded before import = 0
Number of asset objects unloaded after import = 2964
========================================================================
Received Import Request.
  Time since last request: 0.000066 seconds.
  path: Assets/Art Assets/Generic-Character/png/green/char_green_2.png
  artifactKey: Guid(bb5b59c59bfa9ee48af7a900af9850ba) Importer(815301076,1909f56bfc062723c751e8b465ee728b)
Start importing Assets/Art Assets/Generic-Character/png/green/char_green_2.png using Guid(bb5b59c59bfa9ee48af7a900af9850ba) Importer(815301076,1909f56bfc062723c751e8b465ee728b)  -> (artifact id: 'fe33ae57f5f9e9b766f7da7381b215fe') in 0.070799 seconds
Number of updated asset objects reloaded before import = 0
Number of asset objects unloaded after import = 3
========================================================================
Received Import Request.
  Time since last request: 0.000059 seconds.
  path: Assets/Art Assets/Legacy-Fantasy-High Forest/HUD/Base-UI.png
  artifactKey: Guid(85b306093b15ec244a99e6f6ebf1048f) Importer(815301076,1909f56bfc062723c751e8b465ee728b)
Start importing Assets/Art Assets/Legacy-Fantasy-High Forest/HUD/Base-UI.png using Guid(85b306093b15ec244a99e6f6ebf1048f) Importer(815301076,1909f56bfc062723c751e8b465ee728b)  -> (artifact id: '78d3884f94e652caa008a73d6bc2bb19') in 0.749377 seconds
Number of updated asset objects reloaded before import = 0
Number of asset objects unloaded after import = 2964
========================================================================
Received Import Request.
  Time since last request: 0.000061 seconds.
  path: Assets/Art Assets/Generic-Character/png/red/char_red_2.png
  artifactKey: Guid(1151702e4db5c5b41be73d56cde33f8e) Importer(815301076,1909f56bfc062723c751e8b465ee728b)
Start importing Assets/Art Assets/Generic-Character/png/red/char_red_2.png using Guid(1151702e4db5c5b41be73d56cde33f8e) Importer(815301076,1909f56bfc062723c751e8b465ee728b)  -> (artifact id: 'd5a8f5c49ac6723ec46aca0ff9b2a720') in 0.062890 seconds
Number of updated asset objects reloaded before import = 0
Number of asset objects unloaded after import = 3
========================================================================
Received Import Request.
  Time since last request: 0.062760 seconds.
  path: Assets/Art Assets/Legacy-Fantasy-High Forest/Map Assets/Chest.png
  artifactKey: Guid(e33d0a7c8e93f8f44b5f6662b635b8bf) Importer(815301076,1909f56bfc062723c751e8b465ee728b)
Start importing Assets/Art Assets/Legacy-Fantasy-High Forest/Map Assets/Chest.png using Guid(e33d0a7c8e93f8f44b5f6662b635b8bf) Importer(815301076,1909f56bfc062723c751e8b465ee728b)  -> (artifact id: '85e77c51d4cb119118066628c9136eb1') in 0.350398 seconds
Number of updated asset objects reloaded before import = 0
Number of asset objects unloaded after import = 2964
========================================================================
Received Import Request.
  Time since last request: 0.000048 seconds.
  path: Assets/Art Assets/Legacy-Fantasy-High Forest/Enemies/Snail/Dead-Sheet.png
  artifactKey: Guid(e4fabfb6905247e4297e993828962e4f) Importer(815301076,1909f56bfc062723c751e8b465ee728b)
Start importing Assets/Art Assets/Legacy-Fantasy-High Forest/Enemies/Snail/Dead-Sheet.png using Guid(e4fabfb6905247e4297e993828962e4f) Importer(815301076,1909f56bfc062723c751e8b465ee728b)  -> (artifact id: '09d5b63d799b7f9c2d622ab6bee78b94') in 0.341836 seconds
Number of updated asset objects reloaded before import = 0
Number of asset objects unloaded after import = 2964
========================================================================
Received Import Request.
  Time since last request: 0.000061 seconds.
  path: Assets/Art Assets/Legacy-Fantasy-High Forest/Map Assets/Forest-2.png
  artifactKey: Guid(8196621df9c9dad45a9c9e9d7fe3b0dc) Importer(815301076,1909f56bfc062723c751e8b465ee728b)
Start importing Assets/Art Assets/Legacy-Fantasy-High Forest/Map Assets/Forest-2.png using Guid(8196621df9c9dad45a9c9e9d7fe3b0dc) Importer(815301076,1909f56bfc062723c751e8b465ee728b)  -> (artifact id: 'b5e569f4ef8df3cb92f781fd16504aa7') in 1.033405 seconds
Number of updated asset objects reloaded before import = 0
Number of asset objects unloaded after import = 2964
========================================================================
Received Import Request.
  Time since last request: 0.000057 seconds.
  path: Assets/Art Assets/Legacy-Fantasy-High Forest/Enemies/Boar/Walk/Walk-Base-Sheet-White.png
  artifactKey: Guid(7e95f35bd33224b4ca73d3448fe794aa) Importer(815301076,1909f56bfc062723c751e8b465ee728b)
Start importing Assets/Art Assets/Legacy-Fantasy-High Forest/Enemies/Boar/Walk/Walk-Base-Sheet-White.png using Guid(7e95f35bd33224b4ca73d3448fe794aa) Importer(815301076,1909f56bfc062723c751e8b465ee728b)  -> (artifact id: '0110583c746750103a04459efb6458f6') in 0.349617 seconds
Number of updated asset objects reloaded before import = 0
Number of asset objects unloaded after import = 2964
========================================================================
Received Import Request.
  Time since last request: 0.000060 seconds.
  path: Assets/Art Assets/Legacy-Fantasy-High Forest/Enemies/Snail/walk-Sheet.png
  artifactKey: Guid(e4a9120b1a6a03b42a05c7718026b577) Importer(815301076,1909f56bfc062723c751e8b465ee728b)
Start importing Assets/Art Assets/Legacy-Fantasy-High Forest/Enemies/Snail/walk-Sheet.png using Guid(e4a9120b1a6a03b42a05c7718026b577) Importer(815301076,1909f56bfc062723c751e8b465ee728b)  -> (artifact id: '8f22a44611a292c89891143154587162') in 0.375710 seconds
Number of updated asset objects reloaded before import = 0
Number of asset objects unloaded after import = 2964
========================================================================
Received Import Request.
  Time since last request: 0.000056 seconds.
  path: Assets/Art Assets/Legacy-Fantasy-High Forest/Map Assets/Mine Stone.png
  artifactKey: Guid(7976f07232166cd4fb10819b861810d6) Importer(815301076,1909f56bfc062723c751e8b465ee728b)
Start importing Assets/Art Assets/Legacy-Fantasy-High Forest/Map Assets/Mine Stone.png using Guid(7976f07232166cd4fb10819b861810d6) Importer(815301076,1909f56bfc062723c751e8b465ee728b)  -> (artifact id: 'f1f7868f45d8cdef2b21388484a9751e') in 0.356312 seconds
Number of updated asset objects reloaded before import = 0
Number of asset objects unloaded after import = 2964
========================================================================
Received Import Request.
  Time since last request: 0.000058 seconds.
  path: Assets/Art Assets/Legacy-Fantasy-High Forest/Enemies/Boar/Walk/Walk-Base-SheetBlack.png
  artifactKey: Guid(f504ebcdddc4de1408516d43dedbf68d) Importer(815301076,1909f56bfc062723c751e8b465ee728b)
Start importing Assets/Art Assets/Legacy-Fantasy-High Forest/Enemies/Boar/Walk/Walk-Base-SheetBlack.png using Guid(f504ebcdddc4de1408516d43dedbf68d) Importer(815301076,1909f56bfc062723c751e8b465ee728b)  -> (artifact id: 'b05f0c2e9af6cca6e36a327296fcbde1') in 0.352296 seconds
Number of updated asset objects reloaded before import = 0
Number of asset objects unloaded after import = 2964
========================================================================
Received Import Request.
  Time since last request: 0.000056 seconds.
  path: Assets/Art Assets/Legacy-Fantasy-High Forest/Map Assets/Trees/Yellow-Tree.png
  artifactKey: Guid(2c250d8cba60b6243bcbbba29d1046fe) Importer(815301076,1909f56bfc062723c751e8b465ee728b)
Start importing Assets/Art Assets/Legacy-Fantasy-High Forest/Map Assets/Trees/Yellow-Tree.png using Guid(2c250d8cba60b6243bcbbba29d1046fe) Importer(815301076,1909f56bfc062723c751e8b465ee728b)  -> (artifact id: '6a1150f3e587e84f7dd8b14a7e288d6c') in 1.031602 seconds
Number of updated asset objects reloaded before import = 0
Number of asset objects unloaded after import = 2964
========================================================================
Received Import Request.
  Time since last request: 0.000060 seconds.
  path: Assets/Plugins/Demigiant/DOTween/Editor/Imgs/DOTweenIcon.png
  artifactKey: Guid(8da095e39e9b4df488dfd436f81116d6) Importer(815301076,1909f56bfc062723c751e8b465ee728b)
Start importing Assets/Plugins/Demigiant/DOTween/Editor/Imgs/DOTweenIcon.png using Guid(8da095e39e9b4df488dfd436f81116d6) Importer(815301076,1909f56bfc062723c751e8b465ee728b)  -> (artifact id: '67b328a786a89cdd610d0255396fe22f') in 0.046077 seconds
Number of updated asset objects reloaded before import = 0
Number of asset objects unloaded after import = 2
========================================================================
Received Import Request.
  Time since last request: 0.000033 seconds.
  path: Assets/Art Assets/Legacy-Fantasy-High Forest/Map Assets/Trees/Green-Tree.png
  artifactKey: Guid(aba1938c517a8ee4cbf07ef1d4a3b6b3) Importer(815301076,1909f56bfc062723c751e8b465ee728b)
Start importing Assets/Art Assets/Legacy-Fantasy-High Forest/Map Assets/Trees/Green-Tree.png using Guid(aba1938c517a8ee4cbf07ef1d4a3b6b3) Importer(815301076,1909f56bfc062723c751e8b465ee728b)  -> (artifact id: '92de31d38c1eab2cc11ae0b5840be5a5') in 0.888491 seconds
Number of updated asset objects reloaded before import = 0
Number of asset objects unloaded after import = 2964
========================================================================
Received Import Request.
  Time since last request: 0.000048 seconds.
  path: Assets/Art Assets/Legacy-Fantasy-High Forest/Enemies/Boar/Run/Run-Sheet.png
  artifactKey: Guid(5b16b9b8799af884aa4c3747ff80b0df) Importer(815301076,1909f56bfc062723c751e8b465ee728b)
Start importing Assets/Art Assets/Legacy-Fantasy-High Forest/Enemies/Boar/Run/Run-Sheet.png using Guid(5b16b9b8799af884aa4c3747ff80b0df) Importer(815301076,1909f56bfc062723c751e8b465ee728b)  -> (artifact id: '8b70fc48c862596696a6324463461643') in 0.260103 seconds
Number of updated asset objects reloaded before import = 0
Number of asset objects unloaded after import = 2964
========================================================================
Received Import Request.
  Time since last request: 0.000051 seconds.
  path: Assets/Art Assets/Legacy-Fantasy-High Forest/Enemies/Boar/Hit-Vanish/Hit-Sheet-White.png
  artifactKey: Guid(20074166cea2a0847a20fd30fe303af3) Importer(815301076,1909f56bfc062723c751e8b465ee728b)
Start importing Assets/Art Assets/Legacy-Fantasy-High Forest/Enemies/Boar/Hit-Vanish/Hit-Sheet-White.png using Guid(20074166cea2a0847a20fd30fe303af3) Importer(815301076,1909f56bfc062723c751e8b465ee728b)  -> (artifact id: 'a94c24010b690a999bc580a868dcbbb7') in 0.285143 seconds
Number of updated asset objects reloaded before import = 0
Number of asset objects unloaded after import = 2964
========================================================================
Received Import Request.
  Time since last request: 0.000043 seconds.
  path: Assets/Art Assets/Legacy-Fantasy-High Forest/Enemies/Boar/Idle/Idle-Sheet-export-Back.png
  artifactKey: Guid(2abe0e3ed161574469a6408e2ca71179) Importer(815301076,1909f56bfc062723c751e8b465ee728b)
Start importing Assets/Art Assets/Legacy-Fantasy-High Forest/Enemies/Boar/Idle/Idle-Sheet-export-Back.png using Guid(2abe0e3ed161574469a6408e2ca71179) Importer(815301076,1909f56bfc062723c751e8b465ee728b)  -> (artifact id: '974edc19ec205f6fa1b9d7329b2b0d92') in 0.283197 seconds
Number of updated asset objects reloaded before import = 0
Number of asset objects unloaded after import = 2964
========================================================================
Received Import Request.
  Time since last request: 0.000255 seconds.
  path: Assets/Art Assets/Legacy-Fantasy-High Forest/Enemies/Snail/Hide-Sheet.png
  artifactKey: Guid(49f0707ea00624f4687f2dfb951c99a7) Importer(815301076,1909f56bfc062723c751e8b465ee728b)
Start importing Assets/Art Assets/Legacy-Fantasy-High Forest/Enemies/Snail/Hide-Sheet.png using Guid(49f0707ea00624f4687f2dfb951c99a7) Importer(815301076,1909f56bfc062723c751e8b465ee728b)  -> (artifact id: '4bff00171d2808b779b7663dd206e38b') in 0.254569 seconds
Number of updated asset objects reloaded before import = 0
Number of asset objects unloaded after import = 2964
========================================================================
Received Import Request.
  Time since last request: 0.000036 seconds.
  path: Assets/Font/SmileySans-Oblique.ttf
  artifactKey: Guid(3e941758b8e5b2d4ca2f6922b584c072) Importer(815301076,1909f56bfc062723c751e8b465ee728b)
Start importing Assets/Font/SmileySans-Oblique.ttf using Guid(3e941758b8e5b2d4ca2f6922b584c072) Importer(815301076,1909f56bfc062723c751e8b465ee728b)  -> (artifact id: 'c9d6c02d5c6cd1c91609094b9c4ae99c') in 0.309744 seconds
Number of updated asset objects reloaded before import = 0
Number of asset objects unloaded after import = 5
========================================================================
Received Import Request.
  Time since last request: 0.000047 seconds.
  path: Assets/Art Assets/Legacy-Fantasy-High Forest/Enemies/Boar/Run/Run-Sheet-White.png
  artifactKey: Guid(2faa0d20bc2dc0f41a35582fe63f8f0f) Importer(815301076,1909f56bfc062723c751e8b465ee728b)
Start importing Assets/Art Assets/Legacy-Fantasy-High Forest/Enemies/Boar/Run/Run-Sheet-White.png using Guid(2faa0d20bc2dc0f41a35582fe63f8f0f) Importer(815301076,1909f56bfc062723c751e8b465ee728b)  -> (artifact id: '6aa3393cf7d28bdeb45a858b24bb0b2a') in 0.217200 seconds
Number of updated asset objects reloaded before import = 0
Number of asset objects unloaded after import = 2964
========================================================================
Received Import Request.
  Time since last request: 0.000063 seconds.
  path: Assets/Plugins/Demigiant/DOTween/Editor/Imgs/DOTweenMiniIcon.png
  artifactKey: Guid(61521df2e071645488ba3d05e49289ae) Importer(815301076,1909f56bfc062723c751e8b465ee728b)
Start importing Assets/Plugins/Demigiant/DOTween/Editor/Imgs/DOTweenMiniIcon.png using Guid(61521df2e071645488ba3d05e49289ae) Importer(815301076,1909f56bfc062723c751e8b465ee728b)  -> (artifact id: '822124a8f9047925d15932b8d0d4fb84') in 0.038484 seconds
Number of updated asset objects reloaded before import = 0
Number of asset objects unloaded after import = 2
========================================================================
Received Import Request.
  Time since last request: 0.000044 seconds.
  path: Assets/Settings/Lit2DSceneTemplate.scenetemplate
  artifactKey: Guid(d03ed43fc9d8a4f2e9fa70c1c7916eb9) Importer(815301076,1909f56bfc062723c751e8b465ee728b)
Start importing Assets/Settings/Lit2DSceneTemplate.scenetemplate using Guid(d03ed43fc9d8a4f2e9fa70c1c7916eb9) Importer(815301076,1909f56bfc062723c751e8b465ee728b)  -> (artifact id: 'f6492977e0f603f7db53d18db9877fc9') in 0.151203 seconds
Number of updated asset objects reloaded before import = 0
Number of asset objects unloaded after import = 5
========================================================================
Received Import Request.
  Time since last request: 0.000035 seconds.
  path: Assets/Art Assets/Legacy-Fantasy-High Forest/Map Assets/Hive.png
  artifactKey: Guid(e03d040b3676ba241804368b6369a493) Importer(815301076,1909f56bfc062723c751e8b465ee728b)
Start importing Assets/Art Assets/Legacy-Fantasy-High Forest/Map Assets/Hive.png using Guid(e03d040b3676ba241804368b6369a493) Importer(815301076,1909f56bfc062723c751e8b465ee728b)  -> (artifact id: '97e8f91e7f7d9511a2eb075862933e57') in 0.474675 seconds
Number of updated asset objects reloaded before import = 0
Number of asset objects unloaded after import = 2964
========================================================================
Received Import Request.
  Time since last request: 0.000035 seconds.
  path: Assets/Art Assets/Legacy-Fantasy-High Forest/Enemies/Boar/Run/Run-Sheet-Black.png
  artifactKey: Guid(2f6ca6b9fa880cc45b8fe2fc3d0d38ed) Importer(815301076,1909f56bfc062723c751e8b465ee728b)
Start importing Assets/Art Assets/Legacy-Fantasy-High Forest/Enemies/Boar/Run/Run-Sheet-Black.png using Guid(2f6ca6b9fa880cc45b8fe2fc3d0d38ed) Importer(815301076,1909f56bfc062723c751e8b465ee728b)  -> (artifact id: 'd78378bec06c5717f08de687cfa2f1d5') in 0.206088 seconds
Number of updated asset objects reloaded before import = 0
Number of asset objects unloaded after import = 2964
========================================================================
Received Import Request.
  Time since last request: 0.000045 seconds.
  path: Assets/Art Assets/Generic-Character/guide_2.png
  artifactKey: Guid(415066c0da775344590cef566bafcd8a) Importer(815301076,1909f56bfc062723c751e8b465ee728b)
Start importing Assets/Art Assets/Generic-Character/guide_2.png using Guid(415066c0da775344590cef566bafcd8a) Importer(815301076,1909f56bfc062723c751e8b465ee728b)  -> (artifact id: '7d564fad83e7447b405022a6bfae2e6d') in 0.046873 seconds
Number of updated asset objects reloaded before import = 0
Number of asset objects unloaded after import = 3
========================================================================
Received Import Request.
  Time since last request: 0.000034 seconds.
  path: Assets/Art Assets/Legacy-Fantasy-High Forest/HUD/SignCharacters.png
  artifactKey: Guid(0c0db65f82978424388ef780542c7b90) Importer(815301076,1909f56bfc062723c751e8b465ee728b)
Start importing Assets/Art Assets/Legacy-Fantasy-High Forest/HUD/SignCharacters.png using Guid(0c0db65f82978424388ef780542c7b90) Importer(815301076,1909f56bfc062723c751e8b465ee728b)  -> (artifact id: '4356e806682e71d24f1e02e78ecca164') in 0.378914 seconds
Number of updated asset objects reloaded before import = 0
Number of asset objects unloaded after import = 2964
========================================================================
Received Import Request.
  Time since last request: 0.000035 seconds.
  path: Assets/Art Assets/Legacy-Fantasy-High Forest/HUD/GameButtons.png
  artifactKey: Guid(c96c3311b166d6b428c1ea886682c2ab) Importer(815301076,1909f56bfc062723c751e8b465ee728b)
Start importing Assets/Art Assets/Legacy-Fantasy-High Forest/HUD/GameButtons.png using Guid(c96c3311b166d6b428c1ea886682c2ab) Importer(815301076,1909f56bfc062723c751e8b465ee728b)  -> (artifact id: 'a822f51bac28b24ce1724a3485712652') in 0.342471 seconds
Number of updated asset objects reloaded before import = 0
Number of asset objects unloaded after import = 2964
========================================================================
Received Import Request.
  Time since last request: 0.000046 seconds.
  path: Assets/Art Assets/Legacy-Fantasy-High Forest/Map Assets/Trees/Golden-Tree.png
  artifactKey: Guid(d3d6acc8c31a33f4daa37bda0055c5d8) Importer(815301076,1909f56bfc062723c751e8b465ee728b)
Start importing Assets/Art Assets/Legacy-Fantasy-High Forest/Map Assets/Trees/Golden-Tree.png using Guid(d3d6acc8c31a33f4daa37bda0055c5d8) Importer(815301076,1909f56bfc062723c751e8b465ee728b)  -> (artifact id: '8417efaaab87221eb09c9d95442b15fc') in 0.554675 seconds
Number of updated asset objects reloaded before import = 0
Number of asset objects unloaded after import = 2964
========================================================================
Received Import Request.
  Time since last request: 130.020649 seconds.
  path: Assets/Tilemap
  artifactKey: Guid(ccc74389fc4916b408de975daa583e99) Importer(815301076,1909f56bfc062723c751e8b465ee728b)
Start importing Assets/Tilemap using Guid(ccc74389fc4916b408de975daa583e99) Importer(815301076,1909f56bfc062723c751e8b465ee728b)  -> (artifact id: 'b6f49de65ab5a4171b69cafa883e1602') in 0.011269 seconds
Number of updated asset objects reloaded before import = 0
Number of asset objects unloaded after import = 0
========================================================================
Received Import Request.
  Time since last request: 6.525718 seconds.
  path: Assets/Tilemap/Tiles/Forest1/ahfgo-984vl-001.ico
  artifactKey: Guid(005ca6712100f844da6dec3554bcfe72) Importer(815301076,1909f56bfc062723c751e8b465ee728b)
Start importing Assets/Tilemap/Tiles/Forest1/ahfgo-984vl-001.ico using Guid(005ca6712100f844da6dec3554bcfe72) Importer(815301076,1909f56bfc062723c751e8b465ee728b)  -> (artifact id: 'd8aa277d03ca910ec1edff1ae954ccb1') in 0.002715 seconds
Number of updated asset objects reloaded before import = 0
Number of asset objects unloaded after import = 1
========================================================================
Received Import Request.
  Time since last request: 105.453492 seconds.
  path: Assets/Tilemap/Tiles/Forest1/Snipaste_2024-06-21_09-49-25.png
  artifactKey: Guid(7690b7590ded31b4ea400e617e8ea5f1) Importer(815301076,1909f56bfc062723c751e8b465ee728b)
Start importing Assets/Tilemap/Tiles/Forest1/Snipaste_2024-06-21_09-49-25.png using Guid(7690b7590ded31b4ea400e617e8ea5f1) Importer(815301076,1909f56bfc062723c751e8b465ee728b)  -> (artifact id: 'fa3459bc634bd9a296d14ae3480bee9d') in 0.044470 seconds
Number of updated asset objects reloaded before import = 0
Number of asset objects unloaded after import = 3
========================================================================
Received Prepare
Refreshing native plugins compatible for Editor in 13.78 ms, found 4 plugins.
Preloading 0 native plugins for Editor in 0.00 ms.
Unloading 18 Unused Serialized files (Serialized files now loaded: 0)
Unloading 18 unused Assets / (0.9 MB). Loaded Objects now: 7743.
Memory consumption went from 137.2 MB to 136.2 MB.
Total: 7.962600 ms (FindLiveObjects: 0.667800 ms CreateObjectMapping: 0.344000 ms MarkObjects: 6.491600 ms  DeleteObjects: 0.457000 ms)

Prepare: number of updated asset objects reloaded= 0
AssetImportParameters requested are different than current active one (requested -> active):
  custom:container-demuxer-ogg: 62fdf1f143b41e24485cea50d1cbac27 -> 
  custom:framework-win-MediaFoundation: 216162199b28c13a410421893ffa2e32 -> 
  custom:container-muxer-webm: aa71ff27fc2769a1b78a27578f13a17b -> 
  custom:video-decoder-webm-vp8: 9c59270c3fd7afecdb556c50c9e8de78 -> 
  custom:SearchIndexIgnoredProperties: e643bd26f0fe6173181afceb89e7c659 -> 
  custom:AudioImporter_EditorPlatform: d09bf68614088b80899f8185d706f6e7 -> 
  custom:audio-decoder-ogg-vorbis: bf7c407c2cedff20999df2af8eb42d56 -> 
  custom:audio-encoder-webm-vorbis: bf7c407c2cedff20999df2af8eb42d56 -> 
  custom:video-codec-MediaFoundation-h265: 746d11721c4dcdbdad8f713fa42b33f4 -> 
  custom:video-decoder-ogg-theora: a1e56fd34408186e4bbccfd4996cb3dc -> 
  custom:CustomObjectIndexerAttribute: 72b91833f83ae208fae7752999fa3104 -> 
  custom:container-demuxer-webm: 4f35f7cbe854078d1ac9338744f61a02 -> 
  custom:video-encoder-webm-vp8: eb34c28f22e8b96e1ab97ce403110664 -> 
