Using pre-set license
Built from '2022.3/china_unity/release' branch; Version is '2022.3.28f1c1 (b26545a12b3f) revision 11691333'; Using compiler version '192829333'; Build Type 'Release'
OS: 'Windows 11  (10.0.22631) 64bit CoreCountrySpecific' Language: 'zh' Physical Memory: 16010 MB
BatchMode: 1, IsHumanControllingUs: 0, StartBugReporterOnCrash: 0, Is64bit: 1, IsPro: 1

COMMAND LINE ARGUMENTS:
E:\Unity\2022.3.28f1c1\Editor\Unity.exe
-adb2
-batchMode
-noUpm
-name
AssetImportWorker1
-projectPath
E:/Unity/é¡¹ç›®/LegendOfWarrior
-logFile
Logs/AssetImportWorker1.log
-srvPort
59802
Successfully changed project path to: E:/Unity/é¡¹ç›®/LegendOfWarrior
E:/Unity/é¡¹ç›®/LegendOfWarrior
[UnityMemory] Configuration Parameters - Can be set up in boot.config
    "memorysetup-bucket-allocator-granularity=16"
    "memorysetup-bucket-allocator-bucket-count=8"
    "memorysetup-bucket-allocator-block-size=33554432"
    "memorysetup-bucket-allocator-block-count=8"
    "memorysetup-main-allocator-block-size=16777216"
    "memorysetup-thread-allocator-block-size=16777216"
    "memorysetup-gfx-main-allocator-block-size=16777216"
    "memorysetup-gfx-thread-allocator-block-size=16777216"
    "memorysetup-cache-allocator-block-size=4194304"
    "memorysetup-typetree-allocator-block-size=2097152"
    "memorysetup-profiler-bucket-allocator-granularity=16"
    "memorysetup-profiler-bucket-allocator-bucket-count=8"
    "memorysetup-profiler-bucket-allocator-block-size=33554432"
    "memorysetup-profiler-bucket-allocator-block-count=8"
    "memorysetup-profiler-allocator-block-size=16777216"
    "memorysetup-profiler-editor-allocator-block-size=1048576"
    "memorysetup-temp-allocator-size-main=16777216"
    "memorysetup-job-temp-allocator-block-size=2097152"
    "memorysetup-job-temp-allocator-block-size-background=1048576"
    "memorysetup-job-temp-allocator-reduction-small-platforms=262144"
    "memorysetup-allocator-temp-initial-block-size-main=262144"
    "memorysetup-allocator-temp-initial-block-size-worker=262144"
    "memorysetup-temp-allocator-size-background-worker=32768"
    "memorysetup-temp-allocator-size-job-worker=262144"
    "memorysetup-temp-allocator-size-preload-manager=33554432"
    "memorysetup-temp-allocator-size-nav-mesh-worker=65536"
    "memorysetup-temp-allocator-size-audio-worker=65536"
    "memorysetup-temp-allocator-size-cloud-worker=32768"
    "memorysetup-temp-allocator-size-gi-baking-worker=262144"
    "memorysetup-temp-allocator-size-gfx=262144"
Player connection [19684] Host "[IP] 10.16.205.12 [Port] 0 [Flags] 2 [Guid] 2301653959 [EditorId] 2301653959 [Version] 1048832 [Id] WindowsEditor(7,ÔÆÖ®êØ) [Debug] 1 [PackageName] WindowsEditor [ProjectName] Editor" joined multi-casting on [225.0.0.222:54997]...

Player connection [19684] Host "[IP] 10.16.205.12 [Port] 0 [Flags] 2 [Guid] 2301653959 [EditorId] 2301653959 [Version] 1048832 [Id] WindowsEditor(7,ÔÆÖ®êØ) [Debug] 1 [PackageName] WindowsEditor [ProjectName] Editor" joined alternative multi-casting on [225.0.0.222:34997]...

[Physics::Module] Initialized MultithreadedJobDispatcher with 19 workers.
Refreshing native plugins compatible for Editor in 47.70 ms, found 4 plugins.
Preloading 0 native plugins for Editor in 0.00 ms.
Initialize engine version: 2022.3.28f1c1 (b26545a12b3f)
[Subsystems] Discovering subsystems at path E:/Unity/2022.3.28f1c1/Editor/Data/Resources/UnitySubsystems
[Subsystems] Discovering subsystems at path E:/Unity/é¡¹ç›®/LegendOfWarrior/Assets
GfxDevice: creating device client; threaded=0; jobified=0
Direct3D:
    Version:  Direct3D 11.0 [level 11.1]
    Renderer: NVIDIA GeForce RTX 4060 Laptop GPU (ID=0x28e0)
    Vendor:   NVIDIA
    VRAM:     7957 MB
    Driver:   31.0.15.5222
Initialize mono
Mono path[0] = 'E:/Unity/2022.3.28f1c1/Editor/Data/Managed'
Mono path[1] = 'E:/Unity/2022.3.28f1c1/Editor/Data/MonoBleedingEdge/lib/mono/unityjit-win32'
Mono config path = 'E:/Unity/2022.3.28f1c1/Editor/Data/MonoBleedingEdge/etc'
Using monoOptions --debugger-agent=transport=dt_socket,embedding=1,server=y,suspend=n,address=127.0.0.1:56040
Begin MonoManager ReloadAssembly
Registering precompiled unity dll's ...
Register platform support module: E:/Unity/2022.3.28f1c1/Editor/Data/PlaybackEngines/WebGLSupport/UnityEditor.WebGL.Extensions.dll
Register platform support module: E:/Unity/2022.3.28f1c1/Editor/Data/PlaybackEngines/WindowsStandaloneSupport/UnityEditor.WindowsStandalone.Extensions.dll
Registered in 0.020935 seconds.
- Loaded All Assemblies, in  0.916 seconds
Native extension for WindowsStandalone target not found
Native extension for WebGL target not found
Mono: successfully reloaded assembly
- Finished resetting the current domain, in  0.506 seconds
Domain Reload Profiling: 1415ms
	BeginReloadAssembly (324ms)
		ExecutionOrderSort (0ms)
		DisableScriptedObjects (0ms)
		BackupInstance (0ms)
		ReleaseScriptingObjects (0ms)
		CreateAndSetChildDomain (1ms)
	RebuildCommonClasses (81ms)
	RebuildNativeTypeToScriptingClass (30ms)
	initialDomainReloadingComplete (146ms)
	LoadAllAssembliesAndSetupDomain (327ms)
		LoadAssemblies (315ms)
		RebuildTransferFunctionScriptingTraits (0ms)
		AnalyzeDomain (323ms)
			TypeCache.Refresh (319ms)
				TypeCache.ScanAssembly (285ms)
			ScanForSourceGeneratedMonoScriptInfo (1ms)
			ResolveRequiredComponents (2ms)
	FinalizeReload (507ms)
		ReleaseScriptCaches (0ms)
		RebuildScriptCaches (0ms)
		SetupLoadedEditorAssemblies (370ms)
			LogAssemblyErrors (0ms)
			InitializePlatformSupportModulesInManaged (21ms)
			SetLoadedEditorAssemblies (18ms)
			RefreshPlugins (0ms)
			BeforeProcessingInitializeOnLoad (4ms)
			ProcessInitializeOnLoadAttributes (257ms)
			ProcessInitializeOnLoadMethodAttributes (70ms)
			AfterProcessingInitializeOnLoad (0ms)
			EditorAssembliesLoaded (0ms)
		ExecutionOrderSort2 (0ms)
		AwakeInstancesAfterBackupRestoration (0ms)
========================================================================
Worker process is ready to serve import requests
Begin MonoManager ReloadAssembly
- Loaded All Assemblies, in  1.918 seconds
Refreshing native plugins compatible for Editor in 19.06 ms, found 4 plugins.
Native extension for WindowsStandalone target not found
Native extension for WebGL target not found
Package Manager log level set to [2]
[Package Manager] Server::EnsureServerProcessIsRunning -- launch failed, reason: Unity was launched with the -noUpm command-line argument
[Package Manager] UpmClient::Send -- Unable to send message (not connected to UPM process).
[Package Manager] Cannot connect to Unity Package Manager local server
Mono: successfully reloaded assembly
- Finished resetting the current domain, in  2.184 seconds
Domain Reload Profiling: 4081ms
	BeginReloadAssembly (367ms)
		ExecutionOrderSort (0ms)
		DisableScriptedObjects (12ms)
		BackupInstance (0ms)
		ReleaseScriptingObjects (0ms)
		CreateAndSetChildDomain (47ms)
	RebuildCommonClasses (79ms)
	RebuildNativeTypeToScriptingClass (28ms)
	initialDomainReloadingComplete (90ms)
	LoadAllAssembliesAndSetupDomain (1332ms)
		LoadAssemblies (921ms)
		RebuildTransferFunctionScriptingTraits (0ms)
		AnalyzeDomain (625ms)
			TypeCache.Refresh (510ms)
				TypeCache.ScanAssembly (475ms)
			ScanForSourceGeneratedMonoScriptInfo (83ms)
			ResolveRequiredComponents (28ms)
	FinalizeReload (2185ms)
		ReleaseScriptCaches (0ms)
		RebuildScriptCaches (0ms)
		SetupLoadedEditorAssemblies (1757ms)
			LogAssemblyErrors (0ms)
			InitializePlatformSupportModulesInManaged (13ms)
			SetLoadedEditorAssemblies (9ms)
			RefreshPlugins (0ms)
			BeforeProcessingInitializeOnLoad (206ms)
			ProcessInitializeOnLoadAttributes (1302ms)
			ProcessInitializeOnLoadMethodAttributes (204ms)
			AfterProcessingInitializeOnLoad (22ms)
			EditorAssembliesLoaded (0ms)
		ExecutionOrderSort2 (0ms)
		AwakeInstancesAfterBackupRestoration (25ms)
Launched and connected shader compiler UnityShaderCompiler.exe after 0.10 seconds
Refreshing native plugins compatible for Editor in 21.05 ms, found 4 plugins.
Preloading 0 native plugins for Editor in 0.00 ms.
Unloading 6903 Unused Serialized files (Serialized files now loaded: 0)
Unloading 123 unused Assets / (1.0 MB). Loaded Objects now: 7354.
Memory consumption went from 266.8 MB to 265.8 MB.
Total: 8.754600 ms (FindLiveObjects: 0.823300 ms CreateObjectMapping: 0.425000 ms MarkObjects: 6.738800 ms  DeleteObjects: 0.764700 ms)

AssetImportParameters requested are different than current active one (requested -> active):
  custom:container-demuxer-ogg: 62fdf1f143b41e24485cea50d1cbac27 -> 
  custom:framework-win-MediaFoundation: 216162199b28c13a410421893ffa2e32 -> 
  custom:container-muxer-webm: aa71ff27fc2769a1b78a27578f13a17b -> 
  custom:video-decoder-webm-vp8: 9c59270c3fd7afecdb556c50c9e8de78 -> 
  custom:SearchIndexIgnoredProperties: e643bd26f0fe6173181afceb89e7c659 -> 
  custom:AudioImporter_EditorPlatform: d09bf68614088b80899f8185d706f6e7 -> 
  custom:audio-decoder-ogg-vorbis: bf7c407c2cedff20999df2af8eb42d56 -> 
  custom:audio-encoder-webm-vorbis: bf7c407c2cedff20999df2af8eb42d56 -> 
  custom:video-codec-MediaFoundation-h265: 746d11721c4dcdbdad8f713fa42b33f4 -> 
  custom:video-decoder-ogg-theora: a1e56fd34408186e4bbccfd4996cb3dc -> 
  custom:CustomObjectIndexerAttribute: 72b91833f83ae208fae7752999fa3104 -> 
  custom:container-demuxer-webm: 4f35f7cbe854078d1ac9338744f61a02 -> 
  custom:video-encoder-webm-vp8: eb34c28f22e8b96e1ab97ce403110664 -> 
========================================================================
Received Import Request.
  Time since last request: 768967.598199 seconds.
  path: Assets/Settings/AudioMixer
  artifactKey: Guid(a9f3797f348d13f409c37142946b8458) Importer(815301076,1909f56bfc062723c751e8b465ee728b)
Start importing Assets/Settings/AudioMixer using Guid(a9f3797f348d13f409c37142946b8458) Importer(815301076,1909f56bfc062723c751e8b465ee728b)  -> (artifact id: '33921fd41f3c4dd377d8a92a4fd5b4ad') in 0.016072 seconds
Number of updated asset objects reloaded before import = 0
Number of asset objects unloaded after import = 0
========================================================================
Received Import Request.
  Time since last request: 0.000073 seconds.
  path: Assets/Settings/Scenes
  artifactKey: Guid(d574b2fb4661c408f80aa76c0182931f) Importer(815301076,1909f56bfc062723c751e8b465ee728b)
Start importing Assets/Settings/Scenes using Guid(d574b2fb4661c408f80aa76c0182931f) Importer(815301076,1909f56bfc062723c751e8b465ee728b)  -> (artifact id: 'f647509e5030e11b5fc452c284c7fc24') in 0.012187 seconds
Number of updated asset objects reloaded before import = 0
Number of asset objects unloaded after import = 0
========================================================================
Received Import Request.
  Time since last request: 26.274356 seconds.
  path: Assets/Art Assets/Legacy-Fantasy-High Forest/Enemies/Small Bee/Attack/Attack-Sheet.png
  artifactKey: Guid(406a0c92bf28de84d9fd6999ac9bd888) Importer(815301076,1909f56bfc062723c751e8b465ee728b)
Start importing Assets/Art Assets/Legacy-Fantasy-High Forest/Enemies/Small Bee/Attack/Attack-Sheet.png using Guid(406a0c92bf28de84d9fd6999ac9bd888) Importer(815301076,1909f56bfc062723c751e8b465ee728b)  -> (artifact id: '1d230e68acbc00786d94817969bd2470') in 1.023258 seconds
Number of updated asset objects reloaded before import = 0
Number of asset objects unloaded after import = 2964
========================================================================
Received Import Request.
  Time since last request: 0.000063 seconds.
  path: Assets/Art Assets/Generic-Character/png/blue/char_blue_1.png
  artifactKey: Guid(4eaebdbef52853743b16c6a19ddfdd54) Importer(815301076,1909f56bfc062723c751e8b465ee728b)
Start importing Assets/Art Assets/Generic-Character/png/blue/char_blue_1.png using Guid(4eaebdbef52853743b16c6a19ddfdd54) Importer(815301076,1909f56bfc062723c751e8b465ee728b)  -> (artifact id: '585f26935235f0e8fe608b89a06620a1') in 0.064859 seconds
Number of updated asset objects reloaded before import = 0
Number of asset objects unloaded after import = 2
========================================================================
Received Import Request.
  Time since last request: 0.000055 seconds.
  path: Assets/Art Assets/Generic-Character/png/green/char_green_1.png
  artifactKey: Guid(ab7ac23b93a546d4988c0c715d762acd) Importer(815301076,1909f56bfc062723c751e8b465ee728b)
Start importing Assets/Art Assets/Generic-Character/png/green/char_green_1.png using Guid(ab7ac23b93a546d4988c0c715d762acd) Importer(815301076,1909f56bfc062723c751e8b465ee728b)  -> (artifact id: '792e145fedc507e40ca25214cb815aa6') in 0.065944 seconds
Number of updated asset objects reloaded before import = 0
Number of asset objects unloaded after import = 3
========================================================================
Received Import Request.
  Time since last request: 0.000048 seconds.
  path: Assets/Art Assets/Legacy-Fantasy-High Forest/Map Assets/Buildings.png
  artifactKey: Guid(efb558a9a2a04a44fafdccc130c1e991) Importer(815301076,1909f56bfc062723c751e8b465ee728b)
Start importing Assets/Art Assets/Legacy-Fantasy-High Forest/Map Assets/Buildings.png using Guid(efb558a9a2a04a44fafdccc130c1e991) Importer(815301076,1909f56bfc062723c751e8b465ee728b)  -> (artifact id: 'e985f47d9b3f012d517e34cfef73f6f2') in 0.057394 seconds
Number of updated asset objects reloaded before import = 0
Number of asset objects unloaded after import = 2
========================================================================
Received Import Request.
  Time since last request: 0.000037 seconds.
  path: Assets/Art Assets/Generic-Character/png/blue/char_blue_2.png
  artifactKey: Guid(4c1e83262a7dd1b45b8dcdebae2da5da) Importer(815301076,1909f56bfc062723c751e8b465ee728b)
Start importing Assets/Art Assets/Generic-Character/png/blue/char_blue_2.png using Guid(4c1e83262a7dd1b45b8dcdebae2da5da) Importer(815301076,1909f56bfc062723c751e8b465ee728b)  -> (artifact id: '573c954faade94ffc54c41d9e94ddfbf') in 0.066873 seconds
Number of updated asset objects reloaded before import = 0
Number of asset objects unloaded after import = 3
========================================================================
Received Import Request.
  Time since last request: 0.495794 seconds.
  path: Assets/Art Assets/Generic-Character/png/red/char_red_1.png
  artifactKey: Guid(6c1df1d5c43bb014dada826d4c82d1b3) Importer(815301076,1909f56bfc062723c751e8b465ee728b)
Start importing Assets/Art Assets/Generic-Character/png/red/char_red_1.png using Guid(6c1df1d5c43bb014dada826d4c82d1b3) Importer(815301076,1909f56bfc062723c751e8b465ee728b)  -> (artifact id: 'e5cd2758dcea70c670c3de8c3d5ff243') in 0.064171 seconds
Number of updated asset objects reloaded before import = 0
Number of asset objects unloaded after import = 3
========================================================================
Received Import Request.
  Time since last request: 0.104894 seconds.
  path: Assets/Art Assets/Legacy-Fantasy-High Forest/Map Assets/Chest2.png
  artifactKey: Guid(75d1c0da5f3b96e43a0440094472cafe) Importer(815301076,1909f56bfc062723c751e8b465ee728b)
Start importing Assets/Art Assets/Legacy-Fantasy-High Forest/Map Assets/Chest2.png using Guid(75d1c0da5f3b96e43a0440094472cafe) Importer(815301076,1909f56bfc062723c751e8b465ee728b)  -> (artifact id: '7baa7825cbf7f2c3035a5bb6c243db28') in 0.358832 seconds
Number of updated asset objects reloaded before import = 0
Number of asset objects unloaded after import = 2964
========================================================================
Received Import Request.
  Time since last request: 0.000055 seconds.
  path: Assets/Plugins/Demigiant/DOTween/Editor/Imgs/Footer.png
  artifactKey: Guid(7051dba417b3d53409f2918f1ea4938d) Importer(815301076,1909f56bfc062723c751e8b465ee728b)
Start importing Assets/Plugins/Demigiant/DOTween/Editor/Imgs/Footer.png using Guid(7051dba417b3d53409f2918f1ea4938d) Importer(815301076,1909f56bfc062723c751e8b465ee728b)  -> (artifact id: 'e9bcde8c4be926d673a725db83058061') in 0.062819 seconds
Number of updated asset objects reloaded before import = 0
Number of asset objects unloaded after import = 2
========================================================================
Received Import Request.
  Time since last request: 0.000179 seconds.
  path: Assets/Art Assets/Legacy-Fantasy-High Forest/Enemies/Small Bee/Fly/Fly-Sheet.png
  artifactKey: Guid(fe180dba30d44b74a82d325700ba633f) Importer(815301076,1909f56bfc062723c751e8b465ee728b)
Start importing Assets/Art Assets/Legacy-Fantasy-High Forest/Enemies/Small Bee/Fly/Fly-Sheet.png using Guid(fe180dba30d44b74a82d325700ba633f) Importer(815301076,1909f56bfc062723c751e8b465ee728b)  -> (artifact id: '01f8aa6f9078f033850010afb2a22c2e') in 0.338304 seconds
Number of updated asset objects reloaded before import = 0
Number of asset objects unloaded after import = 2964
========================================================================
Received Import Request.
  Time since last request: 0.000053 seconds.
  path: Assets/Plugins/Demigiant/DOTween/Editor/Imgs/Header.jpg
  artifactKey: Guid(78a59ca99f8987941adb61f9e14a06a7) Importer(815301076,1909f56bfc062723c751e8b465ee728b)
Start importing Assets/Plugins/Demigiant/DOTween/Editor/Imgs/Header.jpg using Guid(78a59ca99f8987941adb61f9e14a06a7) Importer(815301076,1909f56bfc062723c751e8b465ee728b)  -> (artifact id: 'b294431dd7f2389a77fe4117c1df9bff') in 0.058987 seconds
Number of updated asset objects reloaded before import = 0
Number of asset objects unloaded after import = 2
========================================================================
Received Import Request.
  Time since last request: 0.000074 seconds.
  path: Assets/Art Assets/Generic-Character/guide.png
  artifactKey: Guid(93be0a97bbedef940b4aec943b5cee97) Importer(815301076,1909f56bfc062723c751e8b465ee728b)
Start importing Assets/Art Assets/Generic-Character/guide.png using Guid(93be0a97bbedef940b4aec943b5cee97) Importer(815301076,1909f56bfc062723c751e8b465ee728b)  -> (artifact id: 'd735d7d677478975d31bafda911f5a1a') in 0.068290 seconds
Number of updated asset objects reloaded before import = 0
Number of asset objects unloaded after import = 3
========================================================================
Received Import Request.
  Time since last request: 0.000061 seconds.
  path: Assets/Art Assets/Legacy-Fantasy-High Forest/Enemies/Boar/Hit-Vanish/Hit-Sheet-Black.png
  artifactKey: Guid(107d688bd2699d6439843161a3aabb2c) Importer(815301076,1909f56bfc062723c751e8b465ee728b)
Start importing Assets/Art Assets/Legacy-Fantasy-High Forest/Enemies/Boar/Hit-Vanish/Hit-Sheet-Black.png using Guid(107d688bd2699d6439843161a3aabb2c) Importer(815301076,1909f56bfc062723c751e8b465ee728b)  -> (artifact id: 'd146c8711c8c1495e88c5afbba61bbe0') in 0.330379 seconds
Number of updated asset objects reloaded before import = 0
Number of asset objects unloaded after import = 2964
========================================================================
Received Import Request.
  Time since last request: 0.000045 seconds.
  path: Assets/Art Assets/Legacy-Fantasy-High Forest/Enemies/Boar/Idle/Idle-Sheet-White.png
  artifactKey: Guid(7ff3c5430d1133940bcb390bfa4a2c22) Importer(815301076,1909f56bfc062723c751e8b465ee728b)
Start importing Assets/Art Assets/Legacy-Fantasy-High Forest/Enemies/Boar/Idle/Idle-Sheet-White.png using Guid(7ff3c5430d1133940bcb390bfa4a2c22) Importer(815301076,1909f56bfc062723c751e8b465ee728b)  -> (artifact id: 'bd93e4f3b86a509c9baecefc78d6ab96') in 0.353418 seconds
Number of updated asset objects reloaded before import = 0
Number of asset objects unloaded after import = 2964
========================================================================
Received Import Request.
  Time since last request: 0.000071 seconds.
  path: Assets/Art Assets/Legacy-Fantasy-High Forest/Enemies/Boar/Walk/Walk-Base-Sheet.png
  artifactKey: Guid(8ccde481de196dd46ad653f0ab67b858) Importer(815301076,1909f56bfc062723c751e8b465ee728b)
Start importing Assets/Art Assets/Legacy-Fantasy-High Forest/Enemies/Boar/Walk/Walk-Base-Sheet.png using Guid(8ccde481de196dd46ad653f0ab67b858) Importer(815301076,1909f56bfc062723c751e8b465ee728b)  -> (artifact id: 'a0ea2ae8c8f79bfc71277c6bd33eef81') in 0.358613 seconds
Number of updated asset objects reloaded before import = 0
Number of asset objects unloaded after import = 2964
========================================================================
Received Import Request.
  Time since last request: 0.000055 seconds.
  path: Assets/Art Assets/Legacy-Fantasy-High Forest/Background/Sky.png
  artifactKey: Guid(11149d7cb49a22449b8b66f04a888f92) Importer(815301076,1909f56bfc062723c751e8b465ee728b)
Start importing Assets/Art Assets/Legacy-Fantasy-High Forest/Background/Sky.png using Guid(11149d7cb49a22449b8b66f04a888f92) Importer(815301076,1909f56bfc062723c751e8b465ee728b)  -> (artifact id: '81b3be7bb8d3888cb4a860d90831403c') in 1.212648 seconds
Number of updated asset objects reloaded before import = 0
Number of asset objects unloaded after import = 2964
========================================================================
Received Import Request.
  Time since last request: 0.000068 seconds.
  path: Assets/Art Assets/Legacy-Fantasy-High Forest/Map Assets/Trees/Red-Tree.png
  artifactKey: Guid(f5d9244e3c31ddf4aab885cb5d405ec8) Importer(815301076,1909f56bfc062723c751e8b465ee728b)
Start importing Assets/Art Assets/Legacy-Fantasy-High Forest/Map Assets/Trees/Red-Tree.png using Guid(f5d9244e3c31ddf4aab885cb5d405ec8) Importer(815301076,1909f56bfc062723c751e8b465ee728b)  -> (artifact id: '63527874d15b3e11332fe7655b0a1671') in 1.010220 seconds
Number of updated asset objects reloaded before import = 0
Number of asset objects unloaded after import = 2964
========================================================================
Received Import Request.
  Time since last request: 0.000040 seconds.
  path: Assets/Art Assets/Legacy-Fantasy-High Forest/Map Assets/Props-Rocks.png
  artifactKey: Guid(8966fe28d192daf4490a85e42c644429) Importer(815301076,1909f56bfc062723c751e8b465ee728b)
Start importing Assets/Art Assets/Legacy-Fantasy-High Forest/Map Assets/Props-Rocks.png using Guid(8966fe28d192daf4490a85e42c644429) Importer(815301076,1909f56bfc062723c751e8b465ee728b)  -> (artifact id: '09b65c08fbd1011f3b3498576621024b') in 0.494986 seconds
Number of updated asset objects reloaded before import = 0
Number of asset objects unloaded after import = 2964
========================================================================
Received Import Request.
  Time since last request: 0.000063 seconds.
  path: Assets/TextMesh Pro/Resources/Fonts & Materials/LiberationSans SDF - Fallback.asset
  artifactKey: Guid(2e498d1c8094910479dc3e1b768306a4) Importer(815301076,1909f56bfc062723c751e8b465ee728b)
Start importing Assets/TextMesh Pro/Resources/Fonts & Materials/LiberationSans SDF - Fallback.asset using Guid(2e498d1c8094910479dc3e1b768306a4) Importer(815301076,1909f56bfc062723c751e8b465ee728b)  -> (artifact id: '0bcb488eac110ccad746a3a3d0147566') in 0.465042 seconds
Number of updated asset objects reloaded before import = 0
Number of asset objects unloaded after import = 7
========================================================================
Received Import Request.
  Time since last request: 0.000039 seconds.
  path: Assets/Art Assets/Legacy-Fantasy-High Forest/Map Assets/Forest-1.png
  artifactKey: Guid(dade3e8340c1b2e498683762251c4c07) Importer(815301076,1909f56bfc062723c751e8b465ee728b)
Start importing Assets/Art Assets/Legacy-Fantasy-High Forest/Map Assets/Forest-1.png using Guid(dade3e8340c1b2e498683762251c4c07) Importer(815301076,1909f56bfc062723c751e8b465ee728b)  -> (artifact id: 'aa404b7947c8334e585ea7b1bef71af4') in 1.539959 seconds
Number of updated asset objects reloaded before import = 0
Number of asset objects unloaded after import = 2964
========================================================================
Received Import Request.
  Time since last request: 0.000052 seconds.
  path: Assets/Plugins/Demigiant/DOTween/Editor/Imgs/Footer_dark.png
  artifactKey: Guid(519694efe2bb2914788b151fbd8c01f4) Importer(815301076,1909f56bfc062723c751e8b465ee728b)
Start importing Assets/Plugins/Demigiant/DOTween/Editor/Imgs/Footer_dark.png using Guid(519694efe2bb2914788b151fbd8c01f4) Importer(815301076,1909f56bfc062723c751e8b465ee728b)  -> (artifact id: '7635b5097ba8526a8e6e46aaae740d1f') in 0.038499 seconds
Number of updated asset objects reloaded before import = 0
Number of asset objects unloaded after import = 2
========================================================================
Received Import Request.
  Time since last request: 0.000028 seconds.
  path: Assets/Art Assets/Legacy-Fantasy-High Forest/Enemies/Boar/Hit-Vanish/Hit-Sheet.png
  artifactKey: Guid(3b15c4552f52ddf4b805fdc1c3a8d1f7) Importer(815301076,1909f56bfc062723c751e8b465ee728b)
Start importing Assets/Art Assets/Legacy-Fantasy-High Forest/Enemies/Boar/Hit-Vanish/Hit-Sheet.png using Guid(3b15c4552f52ddf4b805fdc1c3a8d1f7) Importer(815301076,1909f56bfc062723c751e8b465ee728b)  -> (artifact id: '6caddd9e0e873bde727d2350e6d42e5d') in 0.228898 seconds
Number of updated asset objects reloaded before import = 0
Number of asset objects unloaded after import = 2964
========================================================================
Received Import Request.
  Time since last request: 0.000043 seconds.
  path: Assets/TextMesh Pro/Sprites/EmojiOne.png
  artifactKey: Guid(dffef66376be4fa480fb02b19edbe903) Importer(815301076,1909f56bfc062723c751e8b465ee728b)
Start importing Assets/TextMesh Pro/Sprites/EmojiOne.png using Guid(dffef66376be4fa480fb02b19edbe903) Importer(815301076,1909f56bfc062723c751e8b465ee728b)  -> (artifact id: '769e1f61db6c6415f018ea5325c1681d') in 0.049193 seconds
Number of updated asset objects reloaded before import = 0
Number of asset objects unloaded after import = 2
========================================================================
Received Import Request.
  Time since last request: 0.000041 seconds.
  path: Assets/Art Assets/Legacy-Fantasy-High Forest/Background/Trees.png
  artifactKey: Guid(12c2cee99713a7c48ad86b629e82b4dc) Importer(815301076,1909f56bfc062723c751e8b465ee728b)
Start importing Assets/Art Assets/Legacy-Fantasy-High Forest/Background/Trees.png using Guid(12c2cee99713a7c48ad86b629e82b4dc) Importer(815301076,1909f56bfc062723c751e8b465ee728b)  -> (artifact id: '419f79f97a169551b014a7f3eb8d8d6a') in 1.623651 seconds
Number of updated asset objects reloaded before import = 0
Number of asset objects unloaded after import = 2964
========================================================================
Received Import Request.
  Time since last request: 0.000039 seconds.
  path: Assets/Art Assets/Legacy-Fantasy-High Forest/Enemies/Boar/Idle/Idle-Sheet.png
  artifactKey: Guid(978498f6514b4d843b716d228c79598e) Importer(815301076,1909f56bfc062723c751e8b465ee728b)
Start importing Assets/Art Assets/Legacy-Fantasy-High Forest/Enemies/Boar/Idle/Idle-Sheet.png using Guid(978498f6514b4d843b716d228c79598e) Importer(815301076,1909f56bfc062723c751e8b465ee728b)  -> (artifact id: '07cc93ca87294339c7a8a9af1e9519f3') in 0.210471 seconds
Number of updated asset objects reloaded before import = 0
Number of asset objects unloaded after import = 2964
========================================================================
Received Import Request.
  Time since last request: 0.000057 seconds.
  path: Assets/Font/SmileySans-Oblique SDF.asset
  artifactKey: Guid(7c31dccf7fcec9844ad18e39fb497b8f) Importer(815301076,1909f56bfc062723c751e8b465ee728b)
Start importing Assets/Font/SmileySans-Oblique SDF.asset using Guid(7c31dccf7fcec9844ad18e39fb497b8f) Importer(815301076,1909f56bfc062723c751e8b465ee728b)  -> (artifact id: 'e57c6bbb073777e0cac7853feac3cf22') in 0.054574 seconds
Number of updated asset objects reloaded before import = 0
Number of asset objects unloaded after import = 7
========================================================================
Received Import Request.
  Time since last request: 0.000028 seconds.
  path: Assets/Art Assets/Legacy-Fantasy-High Forest/Enemies/Small Bee/Hit/Hit-Sheet.png
  artifactKey: Guid(2d667408831909a4ab82271ae8b55f59) Importer(815301076,1909f56bfc062723c751e8b465ee728b)
Start importing Assets/Art Assets/Legacy-Fantasy-High Forest/Enemies/Small Bee/Hit/Hit-Sheet.png using Guid(2d667408831909a4ab82271ae8b55f59) Importer(815301076,1909f56bfc062723c751e8b465ee728b)  -> (artifact id: '5b6c6788c834fcdb4195f45e09633876') in 0.210301 seconds
Number of updated asset objects reloaded before import = 0
Number of asset objects unloaded after import = 2964
========================================================================
Received Prepare
Refreshing native plugins compatible for Editor in 12.96 ms, found 4 plugins.
Preloading 0 native plugins for Editor in 0.00 ms.
Unloading 18 Unused Serialized files (Serialized files now loaded: 0)
Unloading 18 unused Assets / (0.9 MB). Loaded Objects now: 7701.
Memory consumption went from 137.4 MB to 136.4 MB.
Total: 8.966500 ms (FindLiveObjects: 0.523300 ms CreateObjectMapping: 0.291300 ms MarkObjects: 7.718100 ms  DeleteObjects: 0.432100 ms)

Prepare: number of updated asset objects reloaded= 0
AssetImportParameters requested are different than current active one (requested -> active):
  custom:container-demuxer-ogg: 62fdf1f143b41e24485cea50d1cbac27 -> 
  custom:framework-win-MediaFoundation: 216162199b28c13a410421893ffa2e32 -> 
  custom:container-muxer-webm: aa71ff27fc2769a1b78a27578f13a17b -> 
  custom:video-decoder-webm-vp8: 9c59270c3fd7afecdb556c50c9e8de78 -> 
  custom:SearchIndexIgnoredProperties: e643bd26f0fe6173181afceb89e7c659 -> 
  custom:AudioImporter_EditorPlatform: d09bf68614088b80899f8185d706f6e7 -> 
  custom:audio-decoder-ogg-vorbis: bf7c407c2cedff20999df2af8eb42d56 -> 
  custom:audio-encoder-webm-vorbis: bf7c407c2cedff20999df2af8eb42d56 -> 
  custom:video-codec-MediaFoundation-h265: 746d11721c4dcdbdad8f713fa42b33f4 -> 
  custom:video-decoder-ogg-theora: a1e56fd34408186e4bbccfd4996cb3dc -> 
  custom:CustomObjectIndexerAttribute: 72b91833f83ae208fae7752999fa3104 -> 
  custom:container-demuxer-webm: 4f35f7cbe854078d1ac9338744f61a02 -> 
  custom:video-encoder-webm-vp8: eb34c28f22e8b96e1ab97ce403110664 -> 
